<?xml version="1.0" encoding="UTF-8"?>
<testsuite xmlns:xsi="http://www.w3.org/2001/XMLSchema-instance" xsi:noNamespaceSchemaLocation="https://maven.apache.org/surefire/maven-surefire-plugin/xsd/surefire-test-report-3.0.xsd" version="3.0" name="com.visitor.service.CrossServiceScenarioTest$RescheduleReapprovalFlow" time="0.018" tests="3" errors="0" skipped="0" failures="0">
  <properties>
[...]
</properties>
  <testcase name="rescheduleRevokesOldCode_newCodeRequiresReapproval" classname="com.visitor.service.CrossServiceScenarioTest$RescheduleReapprovalFlow" time="0.006">
    <system-out><![CDATA[22:28:03.741 [main] INFO com.visitor.service.AppointmentService -- Rescheduled appointment 1 -> APT202606102228038523 (old code revoked, new code pending approval)
]]></system-out>
  </testcase>
  <testcase name="afterReschedule_oldCodeIsRejected" classname="com.visitor.service.CrossServiceScenarioTest$RescheduleReapprovalFlow" time="0.004"/>
  <testcase name="afterRescheduleAndReapproval_newCodeIsGenerated" classname="com.visitor.service.CrossServiceScenarioTest$RescheduleReapprovalFlow" time="0.004">
    <system-out><![CDATA[22:28:03.753 [main] INFO com.visitor.service.AppointmentService -- Approved appointment 2 by approver 100
]]></system-out>
  </testcase>
</testsuite>